<?xml version="1.0" encoding="UTF-8"?>
<!-- Generated by org.testng.reporters.JUnitXMLReporter -->
<testsuite hostname="MDB20LT296" ignored="0" name="Test 2" tests="17" failures="0" timestamp="29 Jun 2020 16:36:55 GMT" time="0.067" errors="0">
  <testcase name="add" time="0.002" classname="com.scuba.training.Calculator"/>
  <testcase name="divInt" time="0.002" classname="com.scuba.training.Calculator"/>
  <testcase name="add" time="0.001" classname="com.scuba.training.Calculator"/>
  <testcase name="divInt" time="0.002" classname="com.scuba.training.Calculator"/>
  <testcase name="divReal" time="0.002" classname="com.scuba.training.Calculator"/>
  <testcase name="divReal" time="0.007" classname="com.scuba.training.Calculator"/>
  <testcase name="exp" time="0.012" classname="com.scuba.training.Calculator"/>
  <testcase name="inverse" time="0.003" classname="com.scuba.training.Calculator"/>
  <testcase name="inverse" time="0.001" classname="com.scuba.training.Calculator"/>
  <testcase name="exp" time="0.012" classname="com.scuba.training.Calculator"/>
  <testcase name="mod" time="0.008" classname="com.scuba.training.Calculator"/>
  <testcase name="mod" time="0.001" classname="com.scuba.training.Calculator"/>
  <testcase name="mul" time="0.005" classname="com.scuba.training.Calculator"/>
  <testcase name="negate" time="0.001" classname="com.scuba.training.Calculator"/>
  <testcase name="mul" time="0.002" classname="com.scuba.training.Calculator"/>
  <testcase name="sub" time="0.002" classname="com.scuba.training.Calculator"/>
  <testcase name="sub" time="0.002" classname="com.scuba.training.Calculator"/>
</testsuite> <!-- Test 2 -->
