<?xml version="1.0" encoding="UTF-8"?>
<!-- Generated by org.testng.reporters.JUnitXMLReporter -->
<testsuite hostname="MDB20LT296" ignored="7" name="Test" tests="3" failures="0" timestamp="29 Jun 2020 16:31:05 GMT" time="0.047" errors="0">
  <testcase name="inverse" time="0.009" classname="com.scuba.training.Calculator"/>
  <testcase name="inverse" time="0.001" classname="com.scuba.training.Calculator"/>
  <testcase name="negate" time="0.002" classname="com.scuba.training.Calculator"/>
  <testcase name="add" time="0.0" classname="com.scuba.training.Calculator">
    <ignored/>
  </testcase> <!-- add -->
  <testcase name="mod" time="0.0" classname="com.scuba.training.Calculator">
    <ignored/>
  </testcase> <!-- mod -->
  <testcase name="mul" time="0.0" classname="com.scuba.training.Calculator">
    <ignored/>
  </testcase> <!-- mul -->
  <testcase name="exp" time="0.0" classname="com.scuba.training.Calculator">
    <ignored/>
  </testcase> <!-- exp -->
  <testcase name="divReal" time="0.0" classname="com.scuba.training.Calculator">
    <ignored/>
  </testcase> <!-- divReal -->
  <testcase name="sub" time="0.0" classname="com.scuba.training.Calculator">
    <ignored/>
  </testcase> <!-- sub -->
  <testcase name="divInt" time="0.0" classname="com.scuba.training.Calculator">
    <ignored/>
  </testcase> <!-- divInt -->
</testsuite> <!-- Test -->
